<?xml version="1.0" encoding="UTF-8"?>
<!-- Generated by org.testng.reporters.JUnitXMLReporter -->
<testsuite hostname="TMLO-100802" ignored="1" name="Test" tests="4" failures="0" timestamp="2020-06-16T19:50:48 CEST" time="10.506" errors="0">
  <testcase name="mobileIOS" time="0.005" classname="TAS.MavenJAVA.MobileAppTest"/>
  <testcase name="mobileandroidn" time="0.001" classname="TAS.MavenJAVA.MobileAppTest"/>
  <testcase name="st" time="10.239" classname="TAS.MavenJAVA.SeleniumWebTest"/>
  <testcase name="soupapi" time="0.003" classname="TAS.MavenJAVA.WebApiTest"/>
  <testcase name="restapi" time="0.0" classname="TAS.MavenJAVA.WebApiTest">
    <ignored/>
  </testcase> <!-- restapi -->
</testsuite> <!-- Test -->
