<?xml version="1.0" encoding="UTF-8"?>
<!-- Generated by org.testng.reporters.JUnitXMLReporter -->
<testsuite hostname="TMLO-100802" ignored="0" name="Test" tests="6" failures="0" timestamp="2020-06-12T19:07:44 CEST" time="0.071" errors="0">
  <testcase name="mobileIOS" time="0.005" classname="TAS.MavenJAVA.MobileAppTest"/>
  <testcase name="mobileandroidn" time="0.0" classname="TAS.MavenJAVA.MobileAppTest"/>
  <testcase name="ait" time="0.0" classname="TAS.MavenJAVA.SeleniumWebTest"/>
  <testcase name="st" time="0.0" classname="TAS.MavenJAVA.SeleniumWebTest"/>
  <testcase name="restapi" time="0.001" classname="TAS.MavenJAVA.WebApiTest"/>
  <testcase name="soupapi" time="0.001" classname="TAS.MavenJAVA.WebApiTest"/>
</testsuite> <!-- Test -->
