<?xml version="1.0" encoding="UTF-8"?>
<testng-results skipped="0" failed="0" ignored="0" total="6" passed="6">
  <reporter-output>
  </reporter-output>
  <suite name="Suite" duration-ms="71" started-at="2020-06-12T19:07:44 CEST" finished-at="2020-06-12T19:07:44 CEST">
    <groups>
    </groups>
    <test name="Test" duration-ms="71" started-at="2020-06-12T19:07:44 CEST" finished-at="2020-06-12T19:07:44 CEST">
      <class name="TAS.MavenJAVA.SeleniumWebTest">
        <test-method status="PASS" signature="ait()[pri:0, instance:TAS.MavenJAVA.SeleniumWebTest@bca1e0]" name="ait" duration-ms="0" started-at="2020-06-12T19:07:44 CEST" finished-at="2020-06-12T19:07:44 CEST">
          <reporter-output>
          </reporter-output>
        </test-method> <!-- ait -->
        <test-method status="PASS" signature="st()[pri:0, instance:TAS.MavenJAVA.SeleniumWebTest@bca1e0]" name="st" duration-ms="0" started-at="2020-06-12T19:07:44 CEST" finished-at="2020-06-12T19:07:44 CEST">
          <reporter-output>
          </reporter-output>
        </test-method> <!-- st -->
      </class> <!-- TAS.MavenJAVA.SeleniumWebTest -->
      <class name="TAS.MavenJAVA.MobileAppTest">
        <test-method status="PASS" signature="mobileIOS()[pri:0, instance:TAS.MavenJAVA.MobileAppTest@32be31]" name="mobileIOS" duration-ms="5" started-at="2020-06-12T19:07:44 CEST" finished-at="2020-06-12T19:07:44 CEST">
          <reporter-output>
          </reporter-output>
        </test-method> <!-- mobileIOS -->
        <test-method status="PASS" signature="mobileandroidn()[pri:0, instance:TAS.MavenJAVA.MobileAppTest@32be31]" name="mobileandroidn" duration-ms="0" started-at="2020-06-12T19:07:44 CEST" finished-at="2020-06-12T19:07:44 CEST">
          <reporter-output>
          </reporter-output>
        </test-method> <!-- mobileandroidn -->
      </class> <!-- TAS.MavenJAVA.MobileAppTest -->
      <class name="TAS.MavenJAVA.WebApiTest">
        <test-method status="PASS" signature="restapi()[pri:0, instance:TAS.MavenJAVA.WebApiTest@286778]" name="restapi" duration-ms="1" started-at="2020-06-12T19:07:44 CEST" finished-at="2020-06-12T19:07:44 CEST">
          <reporter-output>
          </reporter-output>
        </test-method> <!-- restapi -->
        <test-method status="PASS" signature="soupapi()[pri:0, instance:TAS.MavenJAVA.WebApiTest@286778]" name="soupapi" duration-ms="1" started-at="2020-06-12T19:07:44 CEST" finished-at="2020-06-12T19:07:44 CEST">
          <reporter-output>
          </reporter-output>
        </test-method> <!-- soupapi -->
      </class> <!-- TAS.MavenJAVA.WebApiTest -->
    </test> <!-- Test -->
  </suite> <!-- Suite -->
</testng-results>
