<?xml version="1.0" encoding="UTF-8"?>
<testng-results skipped="0" failed="0" ignored="0" total="2" passed="2">
  <reporter-output>
  </reporter-output>
  <suite name="Default suite" duration-ms="106" started-at="2020-06-26T07:39:51 CEST" finished-at="2020-06-26T07:39:51 CEST">
    <groups>
    </groups>
    <test name="Default test" duration-ms="106" started-at="2020-06-26T07:39:51 CEST" finished-at="2020-06-26T07:39:51 CEST">
      <class name="TAS.MavenJAVA.WebApiTest">
        <test-method status="PASS" signature="restapi()[pri:0, instance:TAS.MavenJAVA.WebApiTest@7a765367]" name="restapi" duration-ms="16" started-at="2020-06-26T07:39:51 CEST" finished-at="2020-06-26T07:39:51 CEST">
          <reporter-output>
          </reporter-output>
        </test-method> <!-- restapi -->
        <test-method status="PASS" signature="soupapi()[pri:0, instance:TAS.MavenJAVA.WebApiTest@7a765367]" name="soupapi" duration-ms="2" started-at="2020-06-26T07:39:51 CEST" finished-at="2020-06-26T07:39:51 CEST">
          <reporter-output>
          </reporter-output>
        </test-method> <!-- soupapi -->
      </class> <!-- TAS.MavenJAVA.WebApiTest -->
    </test> <!-- Default test -->
  </suite> <!-- Default suite -->
</testng-results>
